Using pre-set license
Built from '2022.3/release' branch; Version is '2022.3.12f1 (4fe6e059c7ef) revision 5236448'; Using compiler version '192829333'; Build Type 'Release'
OS: 'Windows 11  (10.0.22631) 64bit Professional' Language: 'en' Physical Memory: 65298 MB
BatchMode: 1, IsHumanControllingUs: 0, StartBugReporterOnCrash: 0, Is64bit: 1, IsPro: 1

COMMAND LINE ARGUMENTS:
C:\Program Files\Unity\Hub\Editor\2022.3.12f1\Editor\Unity.exe
-adb2
-batchMode
-noUpm
-name
AssetImportWorker2
-projectPath
C:/Users/ramyb/test1.8
-logFile
Logs/AssetImportWorker2.log
-srvPort
63066
Successfully changed project path to: C:/Users/ramyb/test1.8
C:/Users/ramyb/test1.8
[UnityMemory] Configuration Parameters - Can be set up in boot.config
    "memorysetup-bucket-allocator-granularity=16"
    "memorysetup-bucket-allocator-bucket-count=8"
    "memorysetup-bucket-allocator-block-size=33554432"
    "memorysetup-bucket-allocator-block-count=8"
    "memorysetup-main-allocator-block-size=16777216"
    "memorysetup-thread-allocator-block-size=16777216"
    "memorysetup-gfx-main-allocator-block-size=16777216"
    "memorysetup-gfx-thread-allocator-block-size=16777216"
    "memorysetup-cache-allocator-block-size=4194304"
    "memorysetup-typetree-allocator-block-size=2097152"
    "memorysetup-profiler-bucket-allocator-granularity=16"
    "memorysetup-profiler-bucket-allocator-bucket-count=8"
    "memorysetup-profiler-bucket-allocator-block-size=33554432"
    "memorysetup-profiler-bucket-allocator-block-count=8"
    "memorysetup-profiler-allocator-block-size=16777216"
    "memorysetup-profiler-editor-allocator-block-size=1048576"
    "memorysetup-temp-allocator-size-main=16777216"
    "memorysetup-job-temp-allocator-block-size=2097152"
    "memorysetup-job-temp-allocator-block-size-background=1048576"
    "memorysetup-job-temp-allocator-reduction-small-platforms=262144"
    "memorysetup-allocator-temp-initial-block-size-main=262144"
    "memorysetup-allocator-temp-initial-block-size-worker=262144"
    "memorysetup-temp-allocator-size-background-worker=32768"
    "memorysetup-temp-allocator-size-job-worker=262144"
    "memorysetup-temp-allocator-size-preload-manager=33554432"
    "memorysetup-temp-allocator-size-nav-mesh-worker=65536"
    "memorysetup-temp-allocator-size-audio-worker=65536"
    "memorysetup-temp-allocator-size-cloud-worker=32768"
    "memorysetup-temp-allocator-size-gi-baking-worker=262144"
    "memorysetup-temp-allocator-size-gfx=262144"
Player connection [37020] Host "[IP] 192.168.1.11 [Port] 0 [Flags] 2 [Guid] 824590880 [EditorId] 824590880 [Version] 1048832 [Id] WindowsEditor(7,Glitch) [Debug] 1 [PackageName] WindowsEditor [ProjectName] Editor" joined multi-casting on [225.0.0.222:54997]...

Player connection [37020] Host "[IP] 192.168.1.11 [Port] 0 [Flags] 2 [Guid] 824590880 [EditorId] 824590880 [Version] 1048832 [Id] WindowsEditor(7,Glitch) [Debug] 1 [PackageName] WindowsEditor [ProjectName] Editor" joined alternative multi-casting on [225.0.0.222:34997]...

[Physics::Module] Initialized MultithreadedJobDispatcher with 31 workers.
Refreshing native plugins compatible for Editor in 6.11 ms, found 3 plugins.
Preloading 0 native plugins for Editor in 0.00 ms.
Initialize engine version: 2022.3.12f1 (4fe6e059c7ef)
[Subsystems] Discovering subsystems at path C:/Program Files/Unity/Hub/Editor/2022.3.12f1/Editor/Data/Resources/UnitySubsystems
[Subsystems] Discovering subsystems at path C:/Users/ramyb/test1.8/Assets
GfxDevice: creating device client; threaded=0; jobified=0
Direct3D:
    Version:  Direct3D 11.0 [level 11.1]
    Renderer: NVIDIA GeForce RTX 4070 Ti (ID=0x2782)
    Vendor:   NVIDIA
    VRAM:     11996 MB
    Driver:   31.0.15.5161
Initialize mono
Mono path[0] = 'C:/Program Files/Unity/Hub/Editor/2022.3.12f1/Editor/Data/Managed'
Mono path[1] = 'C:/Program Files/Unity/Hub/Editor/2022.3.12f1/Editor/Data/MonoBleedingEdge/lib/mono/unityjit-win32'
Mono config path = 'C:/Program Files/Unity/Hub/Editor/2022.3.12f1/Editor/Data/MonoBleedingEdge/etc'
Using monoOptions --debugger-agent=transport=dt_socket,embedding=1,server=y,suspend=n,address=127.0.0.1:56656
Begin MonoManager ReloadAssembly
Registering precompiled unity dll's ...
Register platform support module: C:/Program Files/Unity/Hub/Editor/2022.3.12f1/Editor/Data/PlaybackEngines/WebGLSupport/UnityEditor.WebGL.Extensions.dll
Register platform support module: C:/Program Files/Unity/Hub/Editor/2022.3.12f1/Editor/Data/PlaybackEngines/WindowsStandaloneSupport/UnityEditor.WindowsStandalone.Extensions.dll
Registered in 0.004918 seconds.
- Loaded All Assemblies, in  0.214 seconds
Native extension for WindowsStandalone target not found
Native extension for WebGL target not found
Mono: successfully reloaded assembly
- Finished resetting the current domain, in  0.141 seconds
Domain Reload Profiling: 354ms
	BeginReloadAssembly (71ms)
		ExecutionOrderSort (0ms)
		DisableScriptedObjects (0ms)
		BackupInstance (0ms)
		ReleaseScriptingObjects (0ms)
		CreateAndSetChildDomain (0ms)
	RebuildCommonClasses (19ms)
	RebuildNativeTypeToScriptingClass (5ms)
	initialDomainReloadingComplete (35ms)
	LoadAllAssembliesAndSetupDomain (82ms)
		LoadAssemblies (70ms)
		RebuildTransferFunctionScriptingTraits (0ms)
		AnalyzeDomain (80ms)
			TypeCache.Refresh (79ms)
				TypeCache.ScanAssembly (70ms)
			ScanForSourceGeneratedMonoScriptInfo (0ms)
			ResolveRequiredComponents (0ms)
	FinalizeReload (142ms)
		ReleaseScriptCaches (0ms)
		RebuildScriptCaches (0ms)
		SetupLoadedEditorAssemblies (108ms)
			LogAssemblyErrors (0ms)
			InitializePlatformSupportModulesInManaged (7ms)
			SetLoadedEditorAssemblies (3ms)
			RefreshPlugins (0ms)
			BeforeProcessingInitializeOnLoad (1ms)
			ProcessInitializeOnLoadAttributes (70ms)
			ProcessInitializeOnLoadMethodAttributes (27ms)
			AfterProcessingInitializeOnLoad (0ms)
			EditorAssembliesLoaded (0ms)
		ExecutionOrderSort2 (0ms)
		AwakeInstancesAfterBackupRestoration (0ms)
========================================================================
Worker process is ready to serve import requests
Begin MonoManager ReloadAssembly
- Loaded All Assemblies, in  0.368 seconds
Refreshing native plugins compatible for Editor in 1.88 ms, found 3 plugins.
Native extension for WindowsStandalone target not found
Native extension for WebGL target not found
Package Manager log level set to [2]
[Package Manager] Server::EnsureServerProcessIsRunning -- launch failed, reason: Unity was launched with the -noUpm command-line argument
[Package Manager] UpmClient::Send -- Unable to send message (not connected to UPM process).
[Package Manager] Cannot connect to Unity Package Manager local server
Mono: successfully reloaded assembly
- Finished resetting the current domain, in  0.311 seconds
Domain Reload Profiling: 678ms
	BeginReloadAssembly (88ms)
		ExecutionOrderSort (0ms)
		DisableScriptedObjects (3ms)
		BackupInstance (0ms)
		ReleaseScriptingObjects (0ms)
		CreateAndSetChildDomain (13ms)
	RebuildCommonClasses (18ms)
	RebuildNativeTypeToScriptingClass (7ms)
	initialDomainReloadingComplete (25ms)
	LoadAllAssembliesAndSetupDomain (229ms)
		LoadAssemblies (185ms)
		RebuildTransferFunctionScriptingTraits (0ms)
		AnalyzeDomain (96ms)
			TypeCache.Refresh (85ms)
				TypeCache.ScanAssembly (75ms)
			ScanForSourceGeneratedMonoScriptInfo (8ms)
			ResolveRequiredComponents (2ms)
	FinalizeReload (311ms)
		ReleaseScriptCaches (0ms)
		RebuildScriptCaches (0ms)
		SetupLoadedEditorAssemblies (229ms)
			LogAssemblyErrors (0ms)
			InitializePlatformSupportModulesInManaged (4ms)
			SetLoadedEditorAssemblies (2ms)
			RefreshPlugins (0ms)
			BeforeProcessingInitializeOnLoad (32ms)
			ProcessInitializeOnLoadAttributes (175ms)
			ProcessInitializeOnLoadMethodAttributes (12ms)
			AfterProcessingInitializeOnLoad (4ms)
			EditorAssembliesLoaded (0ms)
		ExecutionOrderSort2 (0ms)
		AwakeInstancesAfterBackupRestoration (4ms)
Launched and connected shader compiler UnityShaderCompiler.exe after 0.03 seconds
Refreshing native plugins compatible for Editor in 2.23 ms, found 3 plugins.
Preloading 0 native plugins for Editor in 0.00 ms.
Unloading 3084 Unused Serialized files (Serialized files now loaded: 0)
Unloading 32 unused Assets / (56.9 KB). Loaded Objects now: 3546.
Memory consumption went from 123.5 MB to 123.4 MB.
Total: 2.232800 ms (FindLiveObjects: 0.249400 ms CreateObjectMapping: 0.053300 ms MarkObjects: 1.842900 ms  DeleteObjects: 0.086200 ms)

AssetImportParameters requested are different than current active one (requested -> active):
  custom:container-demuxer-ogg: 62fdf1f143b41e24485cea50d1cbac27 -> 
  custom:video-codec-MediaFoundation-h265: 746d11721c4dcdbdad8f713fa42b33f4 -> 
  custom:video-decoder-ogg-theora: a1e56fd34408186e4bbccfd4996cb3dc -> 
  custom:framework-win-MediaFoundation: 216162199b28c13a410421893ffa2e32 -> 
  custom:CustomObjectIndexerAttribute: 756ad292c208cfabdd7b50bc23989ffe -> 
  custom:container-demuxer-webm: 4f35f7cbe854078d1ac9338744f61a02 -> 
  custom:container-muxer-webm: aa71ff27fc2769a1b78a27578f13a17b -> 
  custom:video-decoder-webm-vp8: 9c59270c3fd7afecdb556c50c9e8de78 -> 
  custom:SearchIndexIgnoredProperties: e643bd26f0fe6173181afceb89e7c659 -> 
  custom:AudioImporter_EditorPlatform: d09bf68614088b80899f8185d706f6e7 -> 
  custom:video-encoder-webm-vp8: eb34c28f22e8b96e1ab97ce403110664 -> 
  custom:audio-decoder-ogg-vorbis: bf7c407c2cedff20999df2af8eb42d56 -> 
  custom:audio-encoder-webm-vorbis: bf7c407c2cedff20999df2af8eb42d56 -> 
========================================================================
Received Import Request.
  Time since last request: 449609.100512 seconds.
  path: Assets/EmaceArt/Slavic World Free/Prefabs/Town
  artifactKey: Guid(76c64672997c1d944bf0bbfb2d3e8fb5) Importer(815301076,1909f56bfc062723c751e8b465ee728b)
Start importing Assets/EmaceArt/Slavic World Free/Prefabs/Town using Guid(76c64672997c1d944bf0bbfb2d3e8fb5) Importer(815301076,1909f56bfc062723c751e8b465ee728b)  -> (artifact id: '16b1ad56001793309beb05b24bb39b85') in 0.001868 seconds
Number of updated asset objects reloaded before import = 0
Number of asset objects unloaded after import = 0
========================================================================
Received Import Request.
  Time since last request: 1.485687 seconds.
  path: Assets/EmaceArt/Slavic World Free/Prefabs/Town/Building
  artifactKey: Guid(e0a367fc9c53de944926af9a6f732a4a) Importer(815301076,1909f56bfc062723c751e8b465ee728b)
Start importing Assets/EmaceArt/Slavic World Free/Prefabs/Town/Building using Guid(e0a367fc9c53de944926af9a6f732a4a) Importer(815301076,1909f56bfc062723c751e8b465ee728b)  -> (artifact id: 'bd87627081cda0d828bdc071b439fecb') in 0.000392 seconds
Number of updated asset objects reloaded before import = 0
Number of asset objects unloaded after import = 0
========================================================================
Received Import Request.
  Time since last request: 0.070056 seconds.
  path: Assets/EmaceArt/Slavic World Free/Prefabs/Town/Building/EA03_Town_House_Comp_01a_PRE.prefab
  artifactKey: Guid(7c41964487b21dc4997089d9294c86f1) Importer(815301076,1909f56bfc062723c751e8b465ee728b)
Start importing Assets/EmaceArt/Slavic World Free/Prefabs/Town/Building/EA03_Town_House_Comp_01a_PRE.prefab using Guid(7c41964487b21dc4997089d9294c86f1) Importer(815301076,1909f56bfc062723c751e8b465ee728b)  -> (artifact id: 'e00182ba36e2c086ab0256eab5a2b014') in 0.087206 seconds
Number of updated asset objects reloaded before import = 0
Number of asset objects unloaded after import = 380
========================================================================
Received Import Request.
  Time since last request: 112.789615 seconds.
  path: Assets/EmaceArt/Slavic World Free/Prefabs/Prop
  artifactKey: Guid(af4b1bb4b7f4d2c44b7de0e00ee9f3df) Importer(815301076,1909f56bfc062723c751e8b465ee728b)
Start importing Assets/EmaceArt/Slavic World Free/Prefabs/Prop using Guid(af4b1bb4b7f4d2c44b7de0e00ee9f3df) Importer(815301076,1909f56bfc062723c751e8b465ee728b)  -> (artifact id: 'd8638a004819f43d0556ed63b922cdde') in 0.000566 seconds
Number of updated asset objects reloaded before import = 0
Number of asset objects unloaded after import = 0
========================================================================
Received Import Request.
  Time since last request: 0.034140 seconds.
  path: Assets/EmaceArt/Slavic World Free/Prefabs/Prop/EA03_Items_House_Apple_01a__PRE.prefab
  artifactKey: Guid(e31bf42144a454340baa4183b3539cd4) Importer(815301076,1909f56bfc062723c751e8b465ee728b)
Start importing Assets/EmaceArt/Slavic World Free/Prefabs/Prop/EA03_Items_House_Apple_01a__PRE.prefab using Guid(e31bf42144a454340baa4183b3539cd4) Importer(815301076,1909f56bfc062723c751e8b465ee728b)  -> (artifact id: 'e781f650fc53e174e37e4d471441b541') in 0.006705 seconds
Number of updated asset objects reloaded before import = 0
Number of asset objects unloaded after import = 9
========================================================================
Received Import Request.
  Time since last request: 0.003919 seconds.
  path: Assets/EmaceArt/Slavic World Free/Prefabs/Prop/EA03_Items_House_Apple_01c_PRE.prefab
  artifactKey: Guid(9092c1811158271428faa5d8adc2a966) Importer(815301076,1909f56bfc062723c751e8b465ee728b)
Start importing Assets/EmaceArt/Slavic World Free/Prefabs/Prop/EA03_Items_House_Apple_01c_PRE.prefab using Guid(9092c1811158271428faa5d8adc2a966) Importer(815301076,1909f56bfc062723c751e8b465ee728b)  -> (artifact id: 'd276efb6474ce54df175ea03e1b0ae70') in 0.005990 seconds
Number of updated asset objects reloaded before import = 0
Number of asset objects unloaded after import = 9
========================================================================
Received Import Request.
  Time since last request: 0.000013 seconds.
  path: Assets/EmaceArt/Slavic World Free/Prefabs/Prop/EA03_Prop_Composter_01a.prefab
  artifactKey: Guid(2409308bd6354b34b8213a39254c6caa) Importer(815301076,1909f56bfc062723c751e8b465ee728b)
Start importing Assets/EmaceArt/Slavic World Free/Prefabs/Prop/EA03_Prop_Composter_01a.prefab using Guid(2409308bd6354b34b8213a39254c6caa) Importer(815301076,1909f56bfc062723c751e8b465ee728b)  -> (artifact id: 'c5428be76626ade3dd9f8f698a884be5') in 0.031413 seconds
Number of updated asset objects reloaded before import = 0
Number of asset objects unloaded after import = 1681
========================================================================
Received Import Request.
  Time since last request: 7.149657 seconds.
  path: Assets/EmaceArt/Slavic World Free/Prefabs/Prop/Village
  artifactKey: Guid(976d666bb4d56e04c8ee22b615297e53) Importer(815301076,1909f56bfc062723c751e8b465ee728b)
Start importing Assets/EmaceArt/Slavic World Free/Prefabs/Prop/Village using Guid(976d666bb4d56e04c8ee22b615297e53) Importer(815301076,1909f56bfc062723c751e8b465ee728b)  -> (artifact id: 'c4bfb09733865225c31882e2b7d2d004') in 0.000607 seconds
Number of updated asset objects reloaded before import = 0
Number of asset objects unloaded after import = 0
========================================================================
Received Import Request.
  Time since last request: 0.048500 seconds.
  path: Assets/EmaceArt/Slavic World Free/Prefabs/Prop/Village/EA03_Prop_House_Stove_01b_PRE.prefab
  artifactKey: Guid(fc43b88d7c139fc4a87fee88ffeaf445) Importer(815301076,1909f56bfc062723c751e8b465ee728b)
Start importing Assets/EmaceArt/Slavic World Free/Prefabs/Prop/Village/EA03_Prop_House_Stove_01b_PRE.prefab using Guid(fc43b88d7c139fc4a87fee88ffeaf445) Importer(815301076,1909f56bfc062723c751e8b465ee728b)  -> (artifact id: '4a6d118fee736f9a51c5e5fb842e4f8e') in 0.030976 seconds
Number of updated asset objects reloaded before import = 0
Number of asset objects unloaded after import = 39
========================================================================
Received Import Request.
  Time since last request: 4.190774 seconds.
  path: Assets/EmaceArt/Slavic World Free/Prefabs/Prop/Sign
  artifactKey: Guid(329d47cdf3046214ab7acb3583f61e22) Importer(815301076,1909f56bfc062723c751e8b465ee728b)
Start importing Assets/EmaceArt/Slavic World Free/Prefabs/Prop/Sign using Guid(329d47cdf3046214ab7acb3583f61e22) Importer(815301076,1909f56bfc062723c751e8b465ee728b)  -> (artifact id: 'd0d9ebc6d0463771df6c8b09934c0ecb') in 0.000473 seconds
Number of updated asset objects reloaded before import = 0
Number of asset objects unloaded after import = 0
========================================================================
Received Import Request.
  Time since last request: 0.051677 seconds.
  path: Assets/EmaceArt/Slavic World Free/Prefabs/Prop/Sign/EA03_Prop_Sign_Chapel_01_PRE.prefab
  artifactKey: Guid(cb0202a48afd8ff428cd62c8437902f1) Importer(815301076,1909f56bfc062723c751e8b465ee728b)
Start importing Assets/EmaceArt/Slavic World Free/Prefabs/Prop/Sign/EA03_Prop_Sign_Chapel_01_PRE.prefab using Guid(cb0202a48afd8ff428cd62c8437902f1) Importer(815301076,1909f56bfc062723c751e8b465ee728b)  -> (artifact id: 'c917155b1288f0883f1c034c1fb7b1a0') in 0.008416 seconds
Number of updated asset objects reloaded before import = 0
Number of asset objects unloaded after import = 25
========================================================================
Received Import Request.
  Time since last request: 3.245267 seconds.
  path: Assets/EmaceArt/Slavic World Free/Prefabs/Prop/Furniture
  artifactKey: Guid(5ccb994782f7cec409eef319cfc6c03e) Importer(815301076,1909f56bfc062723c751e8b465ee728b)
Start importing Assets/EmaceArt/Slavic World Free/Prefabs/Prop/Furniture using Guid(5ccb994782f7cec409eef319cfc6c03e) Importer(815301076,1909f56bfc062723c751e8b465ee728b)  -> (artifact id: '791cfc7a420ce3ccab9d7d1af7ea0bff') in 0.000500 seconds
Number of updated asset objects reloaded before import = 0
Number of asset objects unloaded after import = 0
========================================================================
Received Import Request.
  Time since last request: 0.056512 seconds.
  path: Assets/EmaceArt/Slavic World Free/Prefabs/Prop/Furniture/EA03_Prop_House_Shelf_01a_PRE.prefab
  artifactKey: Guid(f219e44f8c45a5148ace498ba060743a) Importer(815301076,1909f56bfc062723c751e8b465ee728b)
Start importing Assets/EmaceArt/Slavic World Free/Prefabs/Prop/Furniture/EA03_Prop_House_Shelf_01a_PRE.prefab using Guid(f219e44f8c45a5148ace498ba060743a) Importer(815301076,1909f56bfc062723c751e8b465ee728b)  -> (artifact id: '15f72dc9e7e968d76e443572705148d8') in 0.007274 seconds
Number of updated asset objects reloaded before import = 0
Number of asset objects unloaded after import = 36
========================================================================
Received Import Request.
  Time since last request: 0.004085 seconds.
  path: Assets/EmaceArt/Slavic World Free/Prefabs/Prop/Furniture/EA03_Prop_Stool_01a_PRE.prefab
  artifactKey: Guid(5cfd4a6b2ea91344f94e74b885be6ca4) Importer(815301076,1909f56bfc062723c751e8b465ee728b)
Start importing Assets/EmaceArt/Slavic World Free/Prefabs/Prop/Furniture/EA03_Prop_Stool_01a_PRE.prefab using Guid(5cfd4a6b2ea91344f94e74b885be6ca4) Importer(815301076,1909f56bfc062723c751e8b465ee728b)  -> (artifact id: 'cd18c2fc38c0892ab3ced441164b989f') in 0.006139 seconds
Number of updated asset objects reloaded before import = 0
Number of asset objects unloaded after import = 25
========================================================================
Received Import Request.
  Time since last request: 0.005696 seconds.
  path: Assets/EmaceArt/Slavic World Free/Prefabs/Prop/Furniture/EA03_Prop_Town_Bed_01a.004_PRE.prefab
  artifactKey: Guid(35173bc9a0a5d3149bb1cf3582d4bb50) Importer(815301076,1909f56bfc062723c751e8b465ee728b)
Start importing Assets/EmaceArt/Slavic World Free/Prefabs/Prop/Furniture/EA03_Prop_Town_Bed_01a.004_PRE.prefab using Guid(35173bc9a0a5d3149bb1cf3582d4bb50) Importer(815301076,1909f56bfc062723c751e8b465ee728b)  -> (artifact id: '0540847bd2f4e4760f5d2b717d9d2334') in 0.007074 seconds
Number of updated asset objects reloaded before import = 0
Number of asset objects unloaded after import = 27
========================================================================
Received Import Request.
  Time since last request: 0.000011 seconds.
  path: Assets/EmaceArt/Slavic World Free/Prefabs/Prop/Furniture/EA03_Prop_Town_Bench_01b_PRE.prefab
  artifactKey: Guid(2021a16d25ff2f24ea16bc14f4494761) Importer(815301076,1909f56bfc062723c751e8b465ee728b)
Start importing Assets/EmaceArt/Slavic World Free/Prefabs/Prop/Furniture/EA03_Prop_Town_Bench_01b_PRE.prefab using Guid(2021a16d25ff2f24ea16bc14f4494761) Importer(815301076,1909f56bfc062723c751e8b465ee728b)  -> (artifact id: 'ca7221019a9eb93222a9e69bb3fcb521') in 0.012116 seconds
Number of updated asset objects reloaded before import = 0
Number of asset objects unloaded after import = 25
========================================================================
Received Import Request.
  Time since last request: 0.000016 seconds.
  path: Assets/EmaceArt/Slavic World Free/Prefabs/Prop/Furniture/EA03_Prop_Shelf_01c_PRE.prefab
  artifactKey: Guid(c941c50bd2fae654ca064ade3996ea72) Importer(815301076,1909f56bfc062723c751e8b465ee728b)
Start importing Assets/EmaceArt/Slavic World Free/Prefabs/Prop/Furniture/EA03_Prop_Shelf_01c_PRE.prefab using Guid(c941c50bd2fae654ca064ade3996ea72) Importer(815301076,1909f56bfc062723c751e8b465ee728b)  -> (artifact id: '8db3051f3387e1f3fec938ef3a2420e2') in 0.006124 seconds
Number of updated asset objects reloaded before import = 0
Number of asset objects unloaded after import = 24
Editor requested this worker to shutdown with reason: Scaling down because of idle timeout
TcpMessagingSession - receive error: operation aborted. errorcode: 995, details: The I/O operation has been aborted because of either a thread exit or an application request.
AssetImportWorker is now disconnected from the server
Process exiting
Exiting without the bug reporter. Application will terminate with return code 0